<?xml version="1.0" encoding="UTF-8"?>
<testsuite name="edu.cmu.cs.cs214.hw5.framework.FrameworkTest" tests="4" skipped="0" failures="0" errors="0" timestamp="2015-04-10T06:14:08" hostname="zhaorus-MacBook-Pro.local" time="0.442">
  <properties/>
  <testcase name="testData" classname="edu.cmu.cs.cs214.hw5.framework.FrameworkTest" time="0.006"/>
  <testcase name="testAnalysis" classname="edu.cmu.cs.cs214.hw5.framework.FrameworkTest" time="0.432"/>
  <testcase name="testInitialization" classname="edu.cmu.cs.cs214.hw5.framework.FrameworkTest" time="0.0"/>
  <testcase name="testBackAndNext" classname="edu.cmu.cs.cs214.hw5.framework.FrameworkTest" time="0.001"/>
  <system-out><![CDATA[]]></system-out>
  <system-err><![CDATA[]]></system-err>
</testsuite>
